<?xml version="1.0" encoding="UTF-8"?>
<testng-results ignored="0" total="1" passed="1" failed="0" skipped="0">
  <reporter-output>
  </reporter-output>
  <suite started-at="2023-10-07T15:00:55 IST" name="Suite" finished-at="2023-10-07T15:00:55 IST" duration-ms="56">
    <groups>
    </groups>
    <test started-at="2023-10-07T15:00:55 IST" name="Test" finished-at="2023-10-07T15:00:55 IST" duration-ms="56">
      <class name="evenorodd.demoeven">
        <test-method signature="even(int)[pri:0, instance:evenorodd.demoeven@5d534f5d]" started-at="2023-10-07T15:00:55 IST" name="even" finished-at="2023-10-07T15:00:55 IST" duration-ms="11" status="PASS">
          <params>
            <param index="0">
              <value>
                <![CDATA[6]]>
              </value>
            </param>
          </params>
          <reporter-output>
          </reporter-output>
        </test-method> <!-- even -->
      </class> <!-- evenorodd.demoeven -->
    </test> <!-- Test -->
  </suite> <!-- Suite -->
</testng-results>
