<?xml version="1.0" encoding="UTF-8"?>
<testng-results ignored="0" total="2" passed="2" failed="0" skipped="0">
  <reporter-output>
  </reporter-output>
  <suite started-at="2023-10-11T10:15:31 IST" name="Default suite" finished-at="2023-10-11T10:15:31 IST" duration-ms="59">
    <groups>
    </groups>
    <test started-at="2023-10-11T10:15:31 IST" name="Default test" finished-at="2023-10-11T10:15:31 IST" duration-ms="59">
      <class name="countstring.dataprovider">
        <test-method signature="method(java.lang.String)[pri:0, instance:countstring.dataprovider@1e0b4072]" started-at="2023-10-11T10:15:31 IST" name="method" data-provider="data-provider" finished-at="2023-10-11T10:15:31 IST" duration-ms="7" status="PASS">
          <params>
            <param index="0">
              <value>
                <![CDATA[firstname]]>
              </value>
            </param>
          </params>
          <reporter-output>
          </reporter-output>
        </test-method> <!-- method -->
        <test-method signature="method(java.lang.String)[pri:0, instance:countstring.dataprovider@1e0b4072]" started-at="2023-10-11T10:15:31 IST" name="method" data-provider="data-provider" finished-at="2023-10-11T10:15:31 IST" duration-ms="3" status="PASS">
          <params>
            <param index="0">
              <value>
                <![CDATA[second name]]>
              </value>
            </param>
          </params>
          <reporter-output>
          </reporter-output>
        </test-method> <!-- method -->
      </class> <!-- countstring.dataprovider -->
    </test> <!-- Default test -->
  </suite> <!-- Default suite -->
</testng-results>
