<?xml version="1.0" encoding="UTF-8"?>
<testng-results ignored="0" total="1" passed="1" failed="0" skipped="0">
  <reporter-output>
  </reporter-output>
  <suite started-at="2023-10-18T10:09:36 IST" name="Default suite" finished-at="2023-10-18T10:09:40 IST" duration-ms="4023">
    <groups>
    </groups>
    <test started-at="2023-10-18T10:09:36 IST" name="Default test" finished-at="2023-10-18T10:09:40 IST" duration-ms="4023">
      <class name="countstring.logindemo">
        <test-method signature="demosauce()[pri:0, instance:countstring.logindemo@45099dd3]" started-at="2023-10-18T10:09:36 IST" name="demosauce" finished-at="2023-10-18T10:09:40 IST" duration-ms="3983" status="PASS">
          <reporter-output>
          </reporter-output>
        </test-method> <!-- demosauce -->
      </class> <!-- countstring.logindemo -->
    </test> <!-- Default test -->
  </suite> <!-- Default suite -->
</testng-results>
