<?xml version="1.0" encoding="UTF-8"?>
<!-- Generated by org.testng.reporters.JUnitXMLReporter -->
<testsuite ignored="0" hostname="LAPTOP-HN6K2MPQ" failures="0" tests="3" name="Default test" time="5.987" errors="0" timestamp="2023-10-25T10:05:45 IST">
  <testcase classname="testcases.testcaseshighest" name="landpage" time="5.92"/>
  <testcase classname="testcases.testcaseshighest" name="search" time="0.005"/>
  <testcase classname="testcases.testcaseshighest" name="select" time="0.003"/>
</testsuite> <!-- Default test -->
