<?xml version="1.0" encoding="UTF-8"?>
<testng-results ignored="0" total="3" passed="3" failed="0" skipped="0">
  <reporter-output>
  </reporter-output>
  <suite started-at="2023-10-25T10:05:39 IST" name="Default suite" finished-at="2023-10-25T10:05:45 IST" duration-ms="5987">
    <groups>
    </groups>
    <test started-at="2023-10-25T10:05:39 IST" name="Default test" finished-at="2023-10-25T10:05:45 IST" duration-ms="5987">
      <class name="testcases.testcaseshighest">
        <test-method signature="landpage()[pri:0, instance:testcases.testcaseshighest@729d991e]" started-at="2023-10-25T10:05:39 IST" name="landpage" finished-at="2023-10-25T10:05:45 IST" duration-ms="5920" status="PASS">
          <reporter-output>
          </reporter-output>
        </test-method> <!-- landpage -->
        <test-method signature="search()[pri:0, instance:testcases.testcaseshighest@729d991e]" started-at="2023-10-25T10:05:45 IST" name="search" finished-at="2023-10-25T10:05:45 IST" duration-ms="5" status="PASS">
          <reporter-output>
          </reporter-output>
        </test-method> <!-- search -->
        <test-method signature="select()[pri:0, instance:testcases.testcaseshighest@729d991e]" started-at="2023-10-25T10:05:45 IST" name="select" finished-at="2023-10-25T10:05:45 IST" duration-ms="3" status="PASS">
          <reporter-output>
          </reporter-output>
        </test-method> <!-- select -->
      </class> <!-- testcases.testcaseshighest -->
    </test> <!-- Default test -->
  </suite> <!-- Default suite -->
</testng-results>
