<?xml version="1.0" encoding="UTF-8"?>
<testng-results ignored="0" total="3" passed="3" failed="0" skipped="0">
  <reporter-output>
  </reporter-output>
  <suite started-at="2023-10-20T18:02:22 IST" name="Default suite" finished-at="2023-10-20T18:02:22 IST" duration-ms="72">
    <groups>
    </groups>
    <test started-at="2023-10-20T18:02:22 IST" name="Default test" finished-at="2023-10-20T18:02:22 IST" duration-ms="72">
      <class name="alertdemo.testngannotations">
        <test-method is-config="true" signature="method2()[pri:0, instance:alertdemo.testngannotations@d737b89]" started-at="2023-10-20T18:02:22 IST" name="method2" finished-at="2023-10-20T18:02:22 IST" duration-ms="13" status="PASS">
          <reporter-output>
          </reporter-output>
        </test-method> <!-- method2 -->
        <test-method signature="method3()[pri:0, instance:alertdemo.testngannotations@d737b89]" started-at="2023-10-20T18:02:22 IST" name="method3" description="test1" finished-at="2023-10-20T18:02:22 IST" duration-ms="5" status="PASS">
          <reporter-output>
          </reporter-output>
        </test-method> <!-- method3 -->
        <test-method signature="method4()[pri:2, instance:alertdemo.testngannotations@d737b89]" started-at="2023-10-20T18:02:22 IST" name="method4" finished-at="2023-10-20T18:02:22 IST" duration-ms="2" status="PASS">
          <reporter-output>
          </reporter-output>
        </test-method> <!-- method4 -->
        <test-method signature="method5()[pri:0, instance:alertdemo.testngannotations@d737b89]" started-at="2023-10-20T18:02:22 IST" name="method5" finished-at="2023-10-20T18:02:22 IST" depends-on-methods="alertdemo.testngannotations.method4" duration-ms="2" status="PASS">
          <reporter-output>
          </reporter-output>
        </test-method> <!-- method5 -->
      </class> <!-- alertdemo.testngannotations -->
    </test> <!-- Default test -->
  </suite> <!-- Default suite -->
</testng-results>
