<?xml version="1.0" encoding="UTF-8"?>
<testng-results ignored="0" total="1" passed="1" failed="0" skipped="0">
  <reporter-output>
  </reporter-output>
  <suite started-at="2023-10-19T19:41:33 IST" name="Default suite" finished-at="2023-10-19T19:41:38 IST" duration-ms="4780">
    <groups>
    </groups>
    <test started-at="2023-10-19T19:41:33 IST" name="Default test" finished-at="2023-10-19T19:41:38 IST" duration-ms="4780">
      <class name="extentreportnew.testreports">
        <test-method is-config="true" signature="testreport()[pri:0, instance:extentreportnew.testreports@470734c3]" started-at="2023-10-19T19:41:33 IST" name="testreport" finished-at="2023-10-19T19:41:33 IST" duration-ms="230" status="PASS">
          <reporter-output>
          </reporter-output>
        </test-method> <!-- testreport -->
        <test-method signature="reportsdemo()[pri:0, instance:extentreportnew.testreports@470734c3]" started-at="2023-10-19T19:41:33 IST" name="reportsdemo" finished-at="2023-10-19T19:41:38 IST" duration-ms="4513" status="PASS">
          <reporter-output>
          </reporter-output>
        </test-method> <!-- reportsdemo -->
        <test-method is-config="true" signature="report()[pri:0, instance:extentreportnew.testreports@470734c3]" started-at="2023-10-19T19:41:38 IST" name="report" finished-at="2023-10-19T19:41:38 IST" duration-ms="0" status="PASS">
          <reporter-output>
          </reporter-output>
        </test-method> <!-- report -->
      </class> <!-- extentreportnew.testreports -->
    </test> <!-- Default test -->
  </suite> <!-- Default suite -->
</testng-results>
