<?xml version="1.0" encoding="UTF-8"?>
<testng-results ignored="0" total="1" passed="1" failed="0" skipped="0">
  <reporter-output>
  </reporter-output>
  <suite started-at="2023-11-10T20:55:42 IST" name="Default suite" finished-at="2023-11-10T20:55:46 IST" duration-ms="4961">
    <groups>
    </groups>
    <test started-at="2023-11-10T20:55:42 IST" name="Default test" finished-at="2023-11-10T20:55:46 IST" duration-ms="4961">
      <class name="extentreportnew.attachextentreports">
        <test-method signature="extent()[pri:0, instance:extentreportnew.attachextentreports@a38c7fe]" started-at="2023-11-10T20:55:42 IST" name="extent" finished-at="2023-11-10T20:55:46 IST" duration-ms="4909" status="PASS">
          <reporter-output>
          </reporter-output>
        </test-method> <!-- extent -->
      </class> <!-- extentreportnew.attachextentreports -->
    </test> <!-- Default test -->
  </suite> <!-- Default suite -->
</testng-results>
