<?xml version="1.0" encoding="UTF-8"?>
<testng-results ignored="0" total="2" passed="2" failed="0" skipped="0">
  <reporter-output>
  </reporter-output>
  <suite started-at="2023-10-13T11:17:12 IST" name="Suite" finished-at="2023-10-13T11:17:17 IST" duration-ms="5307">
    <groups>
    </groups>
    <test started-at="2023-10-13T11:17:12 IST" name="name2" finished-at="2023-10-13T11:17:17 IST" duration-ms="5307">
      <class name="newlink.newlinkdemo">
        <test-method is-config="true" signature="extentreports()[pri:0, instance:newlink.newlinkdemo@2cf3d63b]" started-at="2023-10-13T11:17:12 IST" name="extentreports" finished-at="2023-10-13T11:17:12 IST" duration-ms="288" status="PASS">
          <reporter-output>
          </reporter-output>
        </test-method> <!-- extentreports -->
        <test-method signature="searchbox()[pri:0, instance:newlink.newlinkdemo@2cf3d63b]" started-at="2023-10-13T11:17:12 IST" name="searchbox" finished-at="2023-10-13T11:17:17 IST" duration-ms="4274" status="PASS">
          <reporter-output>
          </reporter-output>
        </test-method> <!-- searchbox -->
        <test-method signature="newlink()[pri:0, instance:newlink.newlinkdemo@2cf3d63b]" started-at="2023-10-13T11:17:12 IST" name="newlink" finished-at="2023-10-13T11:17:17 IST" duration-ms="4977" status="PASS">
          <reporter-output>
          </reporter-output>
        </test-method> <!-- newlink -->
      </class> <!-- newlink.newlinkdemo -->
    </test> <!-- name2 -->
  </suite> <!-- Suite -->
</testng-results>
