<?xml version="1.0" encoding="UTF-8"?>
<!-- Generated by org.testng.reporters.JUnitXMLReporter -->
<testsuite ignored="0" hostname="LAPTOP-HN6K2MPQ" failures="0" tests="3" name="Default test" time="0.072" errors="0" timestamp="2023-10-20T18:02:22 IST">
  <testcase classname="alertdemo.testngannotations" name="method3" time="0.005"/>
  <testcase classname="alertdemo.testngannotations" name="method4" time="0.002"/>
  <testcase classname="alertdemo.testngannotations" name="method5" time="0.002"/>
</testsuite> <!-- Default test -->
