<?xml version="1.0" encoding="UTF-8"?>
<testng-results ignored="0" total="1" passed="1" failed="0" skipped="0">
  <reporter-output>
  </reporter-output>
  <suite started-at="2023-10-26T17:31:59 IST" name="Default suite" finished-at="2023-10-26T17:32:09 IST" duration-ms="10021">
    <groups>
    </groups>
    <test started-at="2023-10-26T17:31:59 IST" name="Default test" finished-at="2023-10-26T17:32:09 IST" duration-ms="10021">
      <class name="practicesites.brokenlinks">
        <test-method signature="links()[pri:0, instance:practicesites.brokenlinks@4659191b]" started-at="2023-10-26T17:31:59 IST" name="links" finished-at="2023-10-26T17:32:09 IST" duration-ms="9973" status="PASS">
          <reporter-output>
          </reporter-output>
        </test-method> <!-- links -->
      </class> <!-- practicesites.brokenlinks -->
    </test> <!-- Default test -->
  </suite> <!-- Default suite -->
</testng-results>
