<?xml version="1.0" encoding="UTF-8"?>
<testng-results ignored="0" total="2" passed="2" failed="0" skipped="0">
  <reporter-output>
  </reporter-output>
  <suite started-at="2023-10-25T11:35:54 IST" name="Suite" finished-at="2023-10-25T11:36:07 IST" duration-ms="12761">
    <groups>
    </groups>
    <test started-at="2023-10-25T11:35:54 IST" name="Test" finished-at="2023-10-25T11:36:07 IST" duration-ms="12761">
      <class name="practicesites.assignement">
        <test-method signature="facebook()[pri:2, instance:practicesites.assignement@66f57048]" started-at="2023-10-25T11:35:54 IST" name="facebook" finished-at="2023-10-25T11:36:07 IST" duration-ms="12714" status="PASS">
          <reporter-output>
          </reporter-output>
        </test-method> <!-- facebook -->
        <test-method signature="techhub()[pri:1, instance:practicesites.assignement@66f57048]" started-at="2023-10-25T11:35:54 IST" name="techhub" finished-at="2023-10-25T11:36:07 IST" duration-ms="12714" status="PASS">
          <reporter-output>
          </reporter-output>
        </test-method> <!-- techhub -->
      </class> <!-- practicesites.assignement -->
    </test> <!-- Test -->
  </suite> <!-- Suite -->
</testng-results>
